[    0.000000] Linux version 4.15.0-70-generic (buildd@lgw01-amd64-055) (gcc version 7.4.0 (Ubuntu 7.4.0-1ubuntu1~18.04.1)) #79-Ubuntu SMP Tue Nov 12 10:36:11 UTC 2019 (Ubuntu 4.15.0-70.79-generic 4.15.18)
[    0.000000] Command line: BOOT_IMAGE=/boot/vmlinuz-4.15.0-70-generic root=LABEL=cloudimg-rootfs ro console=tty1 console=ttyS0
[    0.000000] KERNEL supported cpus:
[    0.000000]   Intel GenuineIntel
[    0.000000]   AMD AuthenticAMD
[    0.000000]   Centaur CentaurHauls
[    0.000000] x86/fpu: Supporting XSAVE feature 0x001: 'x87 floating point registers'
[    0.000000] x86/fpu: Supporting XSAVE feature 0x002: 'SSE registers'
[    0.000000] x86/fpu: Supporting XSAVE feature 0x004: 'AVX registers'
[    0.000000] x86/fpu: xstate_offset[2]:  576, xstate_sizes[2]:  256
[    0.000000] x86/fpu: Enabled xstate features 0x7, context size is 832 bytes, using 'standard' format.
[    0.000000] e820: BIOS-provided physical RAM map:
[    0.000000] BIOS-e820: [mem 0x0000000000000000-0x000000000009fbff] usable
[    0.000000] BIOS-e820: [mem 0x000000000009fc00-0x000000000009ffff] reserved
[    0.000000] BIOS-e820: [mem 0x00000000000f0000-0x00000000000fffff] reserved
[    0.000000] BIOS-e820: [mem 0x0000000000100000-0x000000003ffeffff] usable
[    0.000000] BIOS-e820: [mem 0x000000003fff0000-0x000000003fffffff] ACPI data
[    0.000000] BIOS-e820: [mem 0x00000000fec00000-0x00000000fec00fff] reserved
[    0.000000] BIOS-e820: [mem 0x00000000fee00000-0x00000000fee00fff] reserved
[    0.000000] BIOS-e820: [mem 0x00000000fffc0000-0x00000000ffffffff] reserved
[    0.000000] NX (Execute Disable) protection: active
[    0.000000] SMBIOS 2.5 present.
[    0.000000] DMI: innotek GmbH VirtualBox/VirtualBox, BIOS VirtualBox 12/01/2006
[    0.000000] Hypervisor detected: KVM
[    0.000000] e820: last_pfn = 0x3fff0 max_arch_pfn = 0x400000000
[    0.000000] MTRR: Disabled
[    0.000000] x86/PAT: MTRRs disabled, skipping PAT initialization too.
[    0.000000] CPU MTRRs all blank - virtualized system.
[    0.000000] x86/PAT: Configuration [0-7]: WB  WT  UC- UC  WB  WT  UC- UC  
[    0.000000] found SMP MP-table at [mem 0x0009fff0-0x0009ffff]
[    0.000000] Scanning 1 areas for low memory corruption
[    0.000000] RAMDISK: [mem 0x35a89000-0x36d3bfff]
[    0.000000] ACPI: Early table checksum verification disabled
[    0.000000] ACPI: RSDP 0x00000000000E0000 000024 (v02 VBOX  )
[    0.000000] ACPI: XSDT 0x000000003FFF0030 00003C (v01 VBOX   VBOXXSDT 00000001 ASL  00000061)
[    0.000000] ACPI: FACP 0x000000003FFF00F0 0000F4 (v04 VBOX   VBOXFACP 00000001 ASL  00000061)
[    0.000000] ACPI: DSDT 0x000000003FFF0470 0022EA (v02 VBOX   VBOXBIOS 00000002 INTL 20100528)
[    0.000000] ACPI: FACS 0x000000003FFF0200 000040
[    0.000000] ACPI: FACS 0x000000003FFF0200 000040
[    0.000000] ACPI: APIC 0x000000003FFF0240 00005C (v02 VBOX   VBOXAPIC 00000001 ASL  00000061)
[    0.000000] ACPI: SSDT 0x000000003FFF02A0 0001CC (v01 VBOX   VBOXCPUT 00000002 INTL 20100528)
[    0.000000] No NUMA configuration found
[    0.000000] Faking a node at [mem 0x0000000000000000-0x000000003ffeffff]
[    0.000000] NODE_DATA(0) allocated [mem 0x3ffc5000-0x3ffeffff]
[    0.000000] kvm-clock: cpu 0, msr 0:3ff44001, primary cpu clock
[    0.000000] kvm-clock: Using msrs 4b564d01 and 4b564d00
[    0.000000] kvm-clock: using sched offset of 4801605914 cycles
[    0.000000] clocksource: kvm-clock: mask: 0xffffffffffffffff max_cycles: 0x1cd42e4dffb, max_idle_ns: 881590591483 ns
[    0.000000] Zone ranges:
[    0.000000]   DMA      [mem 0x0000000000001000-0x0000000000ffffff]
[    0.000000]   DMA32    [mem 0x0000000001000000-0x000000003ffeffff]
[    0.000000]   Normal   empty
[    0.000000]   Device   empty
[    0.000000] Movable zone start for each node
[    0.000000] Early memory node ranges
[    0.000000]   node   0: [mem 0x0000000000001000-0x000000000009efff]
[    0.000000]   node   0: [mem 0x0000000000100000-0x000000003ffeffff]
[    0.000000] Reserved but unavailable: 98 pages
[    0.000000] Initmem setup node 0 [mem 0x0000000000001000-0x000000003ffeffff]
[    0.000000] ACPI: PM-Timer IO Port: 0x4008
[    0.000000] IOAPIC[0]: apic_id 2, version 32, address 0xfec00000, GSI 0-23
[    0.000000] ACPI: INT_SRC_OVR (bus 0 bus_irq 0 global_irq 2 dfl dfl)
[    0.000000] ACPI: INT_SRC_OVR (bus 0 bus_irq 9 global_irq 9 low level)
[    0.000000] Using ACPI (MADT) for SMP configuration information
[    0.000000] smpboot: Allowing 2 CPUs, 0 hotplug CPUs
[    0.000000] PM: Registered nosave memory: [mem 0x00000000-0x00000fff]
[    0.000000] PM: Registered nosave memory: [mem 0x0009f000-0x0009ffff]
[    0.000000] PM: Registered nosave memory: [mem 0x000a0000-0x000effff]
[    0.000000] PM: Registered nosave memory: [mem 0x000f0000-0x000fffff]
[    0.000000] e820: [mem 0x40000000-0xfebfffff] available for PCI devices
[    0.000000] Booting paravirtualized kernel on KVM
[    0.000000] clocksource: refined-jiffies: mask: 0xffffffff max_cycles: 0xffffffff, max_idle_ns: 7645519600211568 ns
[    0.000000] random: get_random_bytes called from start_kernel+0x99/0x4fd with crng_init=0
[    0.000000] setup_percpu: NR_CPUS:8192 nr_cpumask_bits:2 nr_cpu_ids:2 nr_node_ids:1
[    0.000000] percpu: Embedded 45 pages/cpu s147456 r8192 d28672 u1048576
[    0.000000] PV qspinlock hash table entries: 256 (order: 0, 4096 bytes)
[    0.000000] Built 1 zonelists, mobility grouping on.  Total pages: 257913
[    0.000000] Policy zone: DMA32
[    0.000000] Kernel command line: BOOT_IMAGE=/boot/vmlinuz-4.15.0-70-generic root=LABEL=cloudimg-rootfs ro console=tty1 console=ttyS0
[    0.000000] Memory: 983440K/1048120K available (12300K kernel code, 2481K rwdata, 4264K rodata, 2432K init, 2388K bss, 64680K reserved, 0K cma-reserved)
[    0.000000] SLUB: HWalign=64, Order=0-3, MinObjects=0, CPUs=2, Nodes=1
[    0.000000] Kernel/User page tables isolation: enabled
[    0.000000] ftrace: allocating 39315 entries in 154 pages
[    0.004000] Hierarchical RCU implementation.
[    0.004000] 	RCU restricting CPUs from NR_CPUS=8192 to nr_cpu_ids=2.
[    0.004000] 	Tasks RCU enabled.
[    0.004000] RCU: Adjusting geometry for rcu_fanout_leaf=16, nr_cpu_ids=2
[    0.004000] NR_IRQS: 524544, nr_irqs: 440, preallocated irqs: 16
[    0.004000] Console: colour VGA+ 80x25
[    0.004000] console [tty1] enabled
[    0.004000] console [ttyS0] enabled
[    0.004000] ACPI: Core revision 20170831
[    0.004000] ACPI: 2 ACPI AML tables successfully acquired and loaded
[    0.004000] APIC: Switch to symmetric I/O mode setup
[    0.004000] x2apic enabled
[    0.004000] Switched APIC routing to physical x2apic.
[    0.004000] ..TIMER: vector=0x30 apic1=0 pin1=2 apic2=-1 pin2=-1
[    0.004003] tsc: Detected 1992.001 MHz processor
[    0.005090] Calibrating delay loop (skipped) preset value.. 3984.00 BogoMIPS (lpj=7968004)
[    0.008002] pid_max: default: 32768 minimum: 301
[    0.009013] Security Framework initialized
[    0.009873] Yama: becoming mindful.
[    0.010607] AppArmor: AppArmor initialized
[    0.014698] Dentry cache hash table entries: 131072 (order: 8, 1048576 bytes)
[    0.016060] Inode-cache hash table entries: 65536 (order: 7, 524288 bytes)
[    0.017454] Mount-cache hash table entries: 2048 (order: 2, 16384 bytes)
[    0.018803] Mountpoint-cache hash table entries: 2048 (order: 2, 16384 bytes)
[    0.020270] Last level iTLB entries: 4KB 64, 2MB 8, 4MB 8
[    0.021354] Last level dTLB entries: 4KB 64, 2MB 0, 4MB 0, 1GB 4
[    0.022554] Spectre V1 : Mitigation: usercopy/swapgs barriers and __user pointer sanitization
[    0.024002] Spectre V2 : Mitigation: Full generic retpoline
[    0.025122] Spectre V2 : Spectre v2 / SpectreRSB mitigation: Filling RSB on context switch
[    0.026828] Speculative Store Bypass: Vulnerable
[    0.028042] MDS: Mitigation: Clear CPU buffers
[    0.029137] Freeing SMP alternatives memory: 36K
[    0.140350] smpboot: CPU0: Intel(R) Core(TM) i7-8550U CPU @ 1.80GHz (family: 0x6, model: 0x8e, stepping: 0xa)
[    0.142432] Performance Events: unsupported p6 CPU model 142 no PMU driver, software events only.
[    0.144031] Hierarchical SRCU implementation.
[    0.145432] NMI watchdog: Perf event create on CPU 0 failed with -2
[    0.146655] NMI watchdog: Perf NMI watchdog permanently disabled
[    0.148042] smp: Bringing up secondary CPUs ...
[    0.148976] x86: Booting SMP configuration:
[    0.149875] .... node  #0, CPUs:      #1
[    0.004000] kvm-clock: cpu 1, msr 0:3ff44041, secondary cpu clock
[    0.154058] smp: Brought up 1 node, 2 CPUs
[    0.154058] smpboot: Max logical packages: 1
[    0.154058] smpboot: Total of 2 processors activated (7968.00 BogoMIPS)
[    0.156118] devtmpfs: initialized
[    0.156732] x86/mm: Memory block size: 128MB
[    0.157752] evm: security.selinux
[    0.158434] evm: security.SMACK64
[    0.160003] evm: security.SMACK64EXEC
[    0.160764] evm: security.SMACK64TRANSMUTE
[    0.161544] evm: security.SMACK64MMAP
[    0.162326] evm: security.apparmor
[    0.163073] evm: security.ima
[    0.164004] evm: security.capability
[    0.164828] clocksource: jiffies: mask: 0xffffffff max_cycles: 0xffffffff, max_idle_ns: 7645041785100000 ns
[    0.165991] futex hash table entries: 512 (order: 3, 32768 bytes)
[    0.170513] pinctrl core: initialized pinctrl subsystem
[    0.172098] RTC time: 13:45:10, date: 11/23/19
[    0.184483] NET: Registered protocol family 16
[    0.185513] audit: initializing netlink subsys (disabled)
[    0.186628] audit: type=2000 audit(1574516716.307:1): state=initialized audit_enabled=0 res=1
[    0.204010] cpuidle: using governor ladder
[    0.204817] cpuidle: using governor menu
[    0.205675] ACPI: bus type PCI registered
[    0.206510] acpiphp: ACPI Hot Plug PCI Controller Driver version: 0.5
[    0.207856] PCI: Using configuration type 1 for base access
[    0.209019] HugeTLB registered 2.00 MiB page size, pre-allocated 0 pages
[    0.212068] ACPI: Added _OSI(Module Device)
[    0.212922] ACPI: Added _OSI(Processor Device)
[    0.213886] ACPI: Added _OSI(3.0 _SCP Extensions)
[    0.214803] ACPI: Added _OSI(Processor Aggregator Device)
[    0.215815] ACPI: Added _OSI(Linux-Dell-Video)
[    0.216003] ACPI: Added _OSI(Linux-Lenovo-NV-HDMI-Audio)
[    0.217032] ACPI: Added _OSI(Linux-HPI-Hybrid-Graphics)
[    0.218424] ACPI: Executed 1 blocks of module-level executable AML code
[    0.225116] ACPI: Interpreter enabled
[    0.225949] ACPI: (supports S0 S5)
[    0.226760] ACPI: Using IOAPIC for interrupt routing
[    0.228000] PCI: Using host bridge windows from ACPI; if necessary, use "pci=nocrs" and report a bug
[    0.228171] ACPI: Enabled 2 GPEs in block 00 to 07
[    0.237183] ACPI: PCI Root Bridge [PCI0] (domain 0000 [bus 00-ff])
[    0.238286] acpi PNP0A03:00: _OSC: OS supports [ASPM ClockPM Segments MSI]
[    0.240000] acpi PNP0A03:00: _OSC: not requesting OS control; OS requires [ExtendedConfig ASPM ClockPM MSI]
[    0.240011] acpi PNP0A03:00: fail to add MMCONFIG information, can't access extended PCI configuration space under this bridge.
[    0.244308] PCI host bridge to bus 0000:00
[    0.245122] pci_bus 0000:00: root bus resource [io  0x0000-0x0cf7 window]
[    0.246490] pci_bus 0000:00: root bus resource [io  0x0d00-0xffff window]
[    0.248002] pci_bus 0000:00: root bus resource [mem 0x000a0000-0x000bffff window]
[    0.249412] pci_bus 0000:00: root bus resource [mem 0x40000000-0xfdffffff window]
[    0.250994] pci_bus 0000:00: root bus resource [bus 00-ff]
[    0.254013] pci 0000:00:01.1: legacy IDE quirk: reg 0x10: [io  0x01f0-0x01f7]
[    0.256003] pci 0000:00:01.1: legacy IDE quirk: reg 0x14: [io  0x03f6]
[    0.257211] pci 0000:00:01.1: legacy IDE quirk: reg 0x18: [io  0x0170-0x0177]
[    0.258628] pci 0000:00:01.1: legacy IDE quirk: reg 0x1c: [io  0x0376]
[    0.273478] pci 0000:00:07.0: quirk: [io  0x4000-0x403f] claimed by PIIX4 ACPI
[    0.275100] pci 0000:00:07.0: quirk: [io  0x4100-0x410f] claimed by PIIX4 SMB
[    0.281297] ACPI: PCI Interrupt Link [LNKA] (IRQs 5 9 10 *11)
[    0.282849] ACPI: PCI Interrupt Link [LNKB] (IRQs 5 9 *10 11)
[    0.284094] ACPI: PCI Interrupt Link [LNKC] (IRQs 5 *9 10 11)
[    0.285442] ACPI: PCI Interrupt Link [LNKD] (IRQs 5 9 10 *11)
[    0.287032] SCSI subsystem initialized
[    0.288026] pci 0000:00:02.0: vgaarb: setting as boot VGA device
[    0.289198] pci 0000:00:02.0: vgaarb: VGA device added: decodes=io+mem,owns=io+mem,locks=none
[    0.290868] pci 0000:00:02.0: vgaarb: bridge control possible
[    0.292002] vgaarb: loaded
[    0.292634] ACPI: bus type USB registered
[    0.293448] usbcore: registered new interface driver usbfs
[    0.294559] usbcore: registered new interface driver hub
[    0.295534] usbcore: registered new device driver usb
[    0.296040] EDAC MC: Ver: 3.0.0
[    0.296914] PCI: Using ACPI for IRQ routing
[    0.297201] NetLabel: Initializing
[    0.297926] NetLabel:  domain hash size = 128
[    0.300002] NetLabel:  protocols = UNLABELED CIPSOv4 CALIPSO
[    0.304016] NetLabel:  unlabeled traffic allowed by default
[    0.305178] clocksource: Switched to clocksource kvm-clock
[    0.321009] VFS: Disk quotas dquot_6.6.0
[    0.321965] VFS: Dquot-cache hash table entries: 512 (order 0, 4096 bytes)
[    0.323439] AppArmor: AppArmor Filesystem Enabled
[    0.324419] pnp: PnP ACPI init
[    0.326182] pnp: PnP ACPI: found 3 devices
[    0.336818] clocksource: acpi_pm: mask: 0xffffff max_cycles: 0xffffff, max_idle_ns: 2085701024 ns
[    0.338628] NET: Registered protocol family 2
[    0.339666] TCP established hash table entries: 8192 (order: 4, 65536 bytes)
[    0.341118] TCP bind hash table entries: 8192 (order: 5, 131072 bytes)
[    0.361324] TCP: Hash tables configured (established 8192 bind 8192)
[    0.362764] UDP hash table entries: 512 (order: 2, 16384 bytes)
[    0.363895] UDP-Lite hash table entries: 512 (order: 2, 16384 bytes)
[    0.365194] NET: Registered protocol family 1
[    0.366044] pci 0000:00:00.0: Limiting direct PCI/PCI transfers
[    0.367186] pci 0000:00:01.0: Activating ISA DMA hang workarounds
[    0.368509] pci 0000:00:02.0: Video device with shadowed ROM at [mem 0x000c0000-0x000dffff]
[    0.370258] Unpacking initramfs...
[    0.655648] Freeing initrd memory: 19148K
[    0.656707] clocksource: tsc: mask: 0xffffffffffffffff max_cycles: 0x396d54029a7, max_idle_ns: 881590429682 ns
[    0.658665] platform rtc_cmos: registered platform RTC device (no PNP device found)
[    0.660229] Scanning for low memory corruption every 60 seconds
[    0.662034] Initialise system trusted keyrings
[    0.662950] Key type blacklist registered
[    0.663903] workingset: timestamp_bits=36 max_order=18 bucket_order=0
[    0.666245] zbud: loaded
[    0.667323] squashfs: version 4.0 (2009/01/31) Phillip Lougher
[    0.668848] fuse init (API version 7.26)
[    0.672983] Key type asymmetric registered
[    0.673833] Asymmetric key parser 'x509' registered
[    0.674939] Block layer SCSI generic (bsg) driver version 0.4 loaded (major 246)
[    0.676555] io scheduler noop registered
[    0.677371] io scheduler deadline registered
[    0.678370] io scheduler cfq registered (default)
[    0.679672] ACPI: AC Adapter [AC] (on-line)
[    0.680640] input: Power Button as /devices/LNXSYSTM:00/LNXPWRBN:00/input/input0
[    0.682238] ACPI: Power Button [PWRF]
[    0.683061] input: Sleep Button as /devices/LNXSYSTM:00/LNXSLPBN:00/input/input1
[    0.684657] ACPI: Sleep Button [SLPF]
[    0.686468] ACPI: Battery Slot [BAT0] (battery present)
[    0.687635] Serial: 8250/16550 driver, 32 ports, IRQ sharing enabled
[    0.712159] 00:02: ttyS0 at I/O 0x3f8 (irq = 4, base_baud = 115200) is a 16550A
[    0.717494] Linux agpgart interface v0.103
[    0.719745] loop: module loaded
[    0.720899] scsi host0: ata_piix
[    0.721647] scsi host1: ata_piix
[    0.722406] ata1: PATA max UDMA/33 cmd 0x1f0 ctl 0x3f6 bmdma 0xd000 irq 14
[    0.723656] ata2: PATA max UDMA/33 cmd 0x170 ctl 0x376 bmdma 0xd008 irq 15
[    0.725286] libphy: Fixed MDIO Bus: probed
[    0.726144] tun: Universal TUN/TAP device driver, 1.6
[    0.727143] PPP generic driver version 2.4.2
[    0.728026] ehci_hcd: USB 2.0 'Enhanced' Host Controller (EHCI) Driver
[    0.729159] ehci-pci: EHCI PCI platform driver
[    0.729967] ehci-platform: EHCI generic platform driver
[    0.730905] ohci_hcd: USB 1.1 'Open' Host Controller (OHCI) Driver
[    0.731956] ohci-pci: OHCI PCI platform driver
[    0.733101] ohci-platform: OHCI generic platform driver
[    0.734062] uhci_hcd: USB Universal Host Controller Interface driver
[    0.735619] i8042: PNP: PS/2 Controller [PNP0303:PS2K,PNP0f03:PS2M] at 0x60,0x64 irq 1,12
[    0.738006] serio: i8042 KBD port at 0x60,0x64 irq 1
[    0.738940] serio: i8042 AUX port at 0x60,0x64 irq 12
[    0.740198] mousedev: PS/2 mouse device common for all mice
[    0.741909] rtc_cmos rtc_cmos: rtc core: registered rtc_cmos as rtc0
[    0.743177] rtc_cmos rtc_cmos: alarms up to one day, 114 bytes nvram
[    0.744423] input: AT Translated Set 2 keyboard as /devices/platform/i8042/serio0/input/input2
[    0.746039] i2c /dev entries driver
[    0.746904] device-mapper: uevent: version 1.0.3
[    0.748009] device-mapper: ioctl: 4.37.0-ioctl (2017-09-20) initialised: dm-devel@redhat.com
[    0.749725] ledtrig-cpu: registered to indicate activity on CPUs
[    0.751122] NET: Registered protocol family 10
[    0.755533] Segment Routing with IPv6
[    0.756444] NET: Registered protocol family 17
[    0.757360] Key type dns_resolver registered
[    0.758451] mce: Using 0 MCE banks
[    0.759136] RAS: Correctable Errors collector initialized.
[    0.760144] sched_clock: Marking stable (758421658, 0)->(931528578, -173106920)
[    0.762120] registered taskstats version 1
[    0.762907] Loading compiled-in X.509 certificates
[    0.766226] Loaded X.509 cert 'Build time autogenerated kernel key: 1859b0531897959199376c446a0bd70df75fd1fc'
[    0.769117] zswap: loaded using pool lzo/zbud
[    0.773605] Key type big_key registered
[    0.774501] Key type trusted registered
[    0.777147] Key type encrypted registered
[    0.778036] AppArmor: AppArmor sha1 policy hashing enabled
[    0.779141] ima: No TPM chip found, activating TPM-bypass! (rc=-19)
[    0.780529] ima: Allocated hash algorithm: sha1
[    0.781513] evm: HMAC attrs: 0x1
[    0.782493]   Magic number: 11:374:787
[    0.783391] rtc_cmos rtc_cmos: setting system clock to 2019-11-23 13:45:10 UTC (1574516710)
[    0.785271] BIOS EDD facility v0.16 2004-Jun-25, 0 devices found
[    0.786545] EDD information not available.
[    0.889395] Freeing unused kernel image memory: 2432K
[    0.900563] Write protecting the kernel read-only data: 20480k
[    0.905889] Freeing unused kernel image memory: 2008K
[    0.911417] Freeing unused kernel image memory: 1880K
[    0.942098] x86/mm: Checked W+X mappings: passed, no W+X pages found.
[    0.943779] x86/mm: Checking user space page tables
[    0.957479] x86/mm: Checked W+X mappings: passed, no W+X pages found.
Loading, please wait...
starting version 237
[    1.025778] e1000: Intel(R) PRO/1000 Network Driver - version 7.3.21-k8-NAPI
[    1.027225] e1000: Copyright (c) 1999-2006 Intel Corporation.
[    1.030106] Fusion MPT base driver 3.04.20
[    1.030998] Copyright (c) 1999-2008 LSI Corporation
[    1.041870] AVX2 version of gcm_enc/dec engaged.
[    1.042981] AES CTR mode by8 optimization enabled
[    1.044241] Fusion MPT SPI Host driver 3.04.20
[    1.248694] input: ImExPS/2 Generic Explorer Mouse as /devices/platform/i8042/serio1/input/input4
[    1.454945] e1000 0000:00:03.0 eth0: (PCI:33MHz:32-bit) 02:12:8f:b5:56:32
[    1.456884] e1000 0000:00:03.0 eth0: Intel(R) PRO/1000 Network Connection
[    1.460081] e1000 0000:00:03.0 enp0s3: renamed from eth0
[    1.460245] mptbase: ioc0: Initiating bringup
[    1.712886] ioc0: LSI53C1030 A0: Capabilities={Initiator}
[    2.915154] scsi host2: ioc0: LSI53C1030 A0, FwRev=00000000h, Ports=1, MaxQ=256, IRQ=20
[    3.464845] scsi 2:0:0:0: Direct-Access     VBOX     HARDDISK         1.0  PQ: 0 ANSI: 5
[    3.657738] scsi target2:0:0: Beginning Domain Validation
[    3.659705] scsi target2:0:0: Domain Validation skipping write tests
[    3.660959] scsi target2:0:0: Ending Domain Validation
[    3.662070] scsi target2:0:0: asynchronous
[    3.663591] scsi 2:0:1:0: Direct-Access     VBOX     HARDDISK         1.0  PQ: 0 ANSI: 5
[    3.998336] scsi target2:0:1: Beginning Domain Validation
[    4.001061] random: fast init done
[    4.002008] scsi target2:0:1: Domain Validation skipping write tests
[    4.003557] scsi target2:0:1: Ending Domain Validation
[    4.004935] scsi target2:0:1: asynchronous
[    4.009814] random: systemd-udevd: uninitialized urandom read (16 bytes read)
[    4.011366] random: systemd-udevd: uninitialized urandom read (16 bytes read)
[    4.012961] random: systemd-udevd: uninitialized urandom read (16 bytes read)
[    4.015378] sd 2:0:0:0: [sda] 20971520 512-byte logical blocks: (10.7 GB/10.0 GiB)
[    4.015387] sd 2:0:0:0: Attached scsi generic sg0 type 0
[    4.019167] sd 2:0:0:0: [sda] Write Protect is off
[    4.019348] sd 2:0:1:0: Attached scsi generic sg1 type 0
[    4.022895] sd 2:0:0:0: [sda] Incomplete mode parameter data
[    4.025017] sd 2:0:0:0: [sda] Assuming drive cache: write through
[    4.026894] sd 2:0:1:0: [sdb] 20480 512-byte logical blocks: (10.5 MB/10.0 MiB)
[    4.029166] sd 2:0:1:0: [sdb] Write Protect is off
[    4.029408]  sda: sda1
[    4.031363] sd 2:0:1:0: [sdb] Incomplete mode parameter data
[    4.032819] sd 2:0:1:0: [sdb] Assuming drive cache: write through
[    4.038290] sd 2:0:0:0: [sda] Attached SCSI disk
[    4.043978] sd 2:0:1:0: [sdb] Attached SCSI disk
Begin: Loading essential drivers ... [    5.624323] raid6: sse2x1   gen() 11141 MB/s
[    5.672112] raid6: sse2x1   xor()  8071 MB/s
[    5.720033] raid6: sse2x2   gen()  8869 MB/s
[    5.768725] raid6: sse2x2   xor()  9955 MB/s
[    5.816550] raid6: sse2x4   gen() 16377 MB/s
[    5.864406] raid6: sse2x4   xor()  9430 MB/s
[    5.912195] raid6: avx2x1   gen() 22309 MB/s
[    5.960065] raid6: avx2x1   xor() 15711 MB/s
[    6.008019] raid6: avx2x2   gen() 27000 MB/s
[    6.056648] raid6: avx2x2   xor() 13374 MB/s
[    6.104455] raid6: avx2x4   gen() 25291 MB/s
[    6.152351] raid6: avx2x4   xor() 19531 MB/s
[    6.153421] raid6: using algorithm avx2x2 gen() 27000 MB/s
[    6.154514] raid6: .... xor() 13374 MB/s, rmw enabled
[    6.155605] raid6: using avx2x2 recovery algorithm
[    6.157934] xor: automatically using best checksumming function   avx       
[    6.160571] async_tx: api initialized (async)
done.
Begin: Running /scripts/init-premount ... done.
Begin: Mounting root file system ... Begin: Running /scripts/local-top ... done.
Begin: Running /scripts/local-premount ... [    6.211977] Btrfs loaded, crc32c=crc32c-intel
Scanning for Btrfs filesystems
done.
Warning: fsck not present, so skipping root file system
[    6.245440] EXT4-fs (sda1): mounted filesystem with ordered data mode. Opts: (null)
done.
Begin: Running /scripts/local-bottom ... done.
Begin: Running /scripts/init-bottom ... done.
[    6.421003] ip_tables: (C) 2000-2006 Netfilter Core Team
[    6.430098] systemd[1]: systemd 237 running in system mode. (+PAM +AUDIT +SELINUX +IMA +APPARMOR +SMACK +SYSVINIT +UTMP +LIBCRYPTSETUP +GCRYPT +GNUTLS +ACL +XZ +LZ4 +SECCOMP +BLKID +ELFUTILS +KMOD -IDN2 +IDN -PCRE2 default-hierarchy=hybrid)
[    6.434829] systemd[1]: Detected virtualization oracle.
[    6.435891] systemd[1]: Detected architecture x86-64.

Welcome to [1mUbuntu 18.04.3 LTS[0m!

[    6.452904] systemd[1]: Set hostname to <ubuntu>.
[    6.457382] systemd[1]: Initializing machine ID from random generator.
[    6.458818] systemd[1]: Installed transient /etc/machine-id file.
[    6.902725] systemd[1]: Reached target User and Group Name Lookups.
[[0;32m  OK  [0m] Reached target User and Group Name Lookups.
[    6.917208] systemd[1]: Reached target Swap.
[[0;32m  OK  [0m] Reached target Swap.
[    6.929020] systemd[1]: Set up automount Arbitrary Executable File Formats File System Automount Point.
[[0;32m  OK  [0m] Set up automount Arbitrary Executab…rmats File System Automount Point.
[    6.937989] systemd[1]: Created slice User and Session Slice.
[[0;32m  OK  [0m] Created slice User and Session Slice.
[[0;32m  OK  [0m] Created slice System Slice.
[[0;32m  OK  [0m] Listening on LVM2 poll daemon socket.
[[0;32m  OK  [0m] Listening on LVM2 metadata daemon socket.
[[0;32m  OK  [0m] Listening on Journal Socket.
         Mounting POSIX Message Queue File System...
         Starting Load Kernel Modules...
         Starting Remount Root and Kernel File Systems...
[    6.983319] Loading iSCSI transport class v2.0-870.
         Mounting Huge Pages File System...
[    6.995201] iscsi: registered transport (tcp)
         Starting Create list of required st…ce nodes for the current kernel...
[[0;32m  OK  [0m] Listening on Journal Audit Socket.
[[0;32m  OK  [0m] Listening on udev Control Socket.
         Starting Set the console keyboard layout...
[[0;32m  OK  [0m] Listening on Network Service Netlink Socket.
[    7.039163] iscsi: registered transport (iser)
[    7.041037] EXT4-fs (sda1): re-mounted. Opts: (null)
[[0;32m  OK  [0m] Listening on Journal Socket (/dev/log).
         Mounting Kernel Debug File System...
[[0;32m  OK  [0m] Created slice system-serial\x2dgetty.slice.
[[0;32m  OK  [0m] Started Forward Password Requests to Wall Directory Watch.
         Starting Uncomplicated firewall...
[[0;32m  OK  [0m] Reached target Slices.
[[0;32m  OK  [0m] Listening on /dev/initctl Compatibility Named Pipe.
[[0;32m  OK  [0m] Listening on Device-mapper event daemon FIFOs.
[[0;32m  OK  [0m] Listening on Syslog Socket.
         Starting Journal Service...
[[0;32m  OK  [0m] Reached target System Time Synchronized.
[[0;32m  OK  [0m] Listening on udev Kernel Socket.
         Starting udev Coldplug all Devices...
         Starting Monitoring of LVM2 mirrors…ng dmeventd or progress polling...
[[0;32m  OK  [0m] Mounted POSIX Message Queue File System.
[[0;32m  OK  [0m] Started Load Kernel Modules.
[[0;32m  OK  [0m] Started Journal Service.
[[0;32m  OK  [0m] Started Remount Root and Kernel File Systems.
[[0;32m  OK  [0m] Mounted Huge Pages File System.
[[0;32m  OK  [0m] Started Create list of required sta…vice nodes for the current kernel.
[[0;32m  OK  [0m] Started Set the console keyboard layout.
[[0;32m  OK  [0m] Mounted Kernel Debug File System.
[[0;32m  OK  [0m] Started Uncomplicated firewall.
[[0;32m  OK  [0m] Started LVM2 metadata daemon.
         Starting Create Static Device Nodes in /dev...
         Starting Load/Save Random Seed...
         Starting Flush Journal to Persistent Storage...
         Starting Apply Kernel Variables...
         Mounting Kernel Configuration File System...
         Mounting FUSE Control File System...
[[0;32m  OK  [0m] Started Monitoring of LVM2 mirrors,…sing dmeventd or progress polling.
[[0;32m  OK  [0m] Started udev Coldplug all Devices.
[[0;32m  OK  [0m] Started Create Static Device Nodes in /dev.
[[0;32m  OK  [0m] Started Load/Save Random Seed.
[[0;32m  OK  [0m] Mounted Kernel Configuration File System.
[[0;32m  OK  [0m] Mounted FUSE Control File System.
         Starting udev Kernel Device Manager...
[[0;32m  OK  [0m] Reached target Local File Systems (Pre).
[[0;32m  OK  [0m] Reached target Local File Systems.
         Starting Set console font and keymap...
         Starting Tell Plymouth To Write Out Runtime Data...
         Starting AppArmor initialization...
         Starting ebtables ruleset management...
         Starting Commit a transient machine-id on disk...
[[0;32m  OK  [0m] Started udev Kernel Device Manager.
[[0;32m  OK  [0m] Started Apply Kernel Variables.
[[0;32m  OK  [0m] Started Set console font and keymap.
[[0;32m  OK  [0m] Started Tell Plymouth To Write Out Runtime Data.
[[0;32m  OK  [0m] Started Dispatch Password Requests to Console Directory Watch.
[[0;32m  OK  [0m] Reached target Local Encrypted Volumes.
[[0;32m  OK  [0m] Started Commit a transient machine-id on disk.
[[0;32m  OK  [0m] Started Flush Journal to Persistent Storage.
         Starting Create Volatile Files and Directories...
[[0;32m  OK  [0m] Started Create Volatile Files and Directories.
[[0;32m  OK  [0m] Started ebtables ruleset management.
         Starting Update UTMP about System Boot/Shutdown...
[[0;32m  OK  [0m] Started Update UTMP about System Boot/Shutdown.
[[0;32m  OK  [0m] Found device /dev/ttyS0.
[[0;32m  OK  [0m] Listening on Load/Save RF Kill Switch Status /dev/rfkill Watch.
[[0;32m  OK  [0m] Started AppArmor initialization.
         Starting Initial cloud-init job (pre-networking)...
[   10.729266] cloud-init[555]: Cloud-init v. 19.2-36-g059d049c-0ubuntu2~18.04.1 running 'init-local' at Sat, 23 Nov 2019 13:45:19 +0000. Up 10.22 seconds.
[[0;32m  OK  [0m] Started Initial cloud-init job (pre-networking).
[[0;32m  OK  [0m] Reached target Network (Pre).
         Starting Network Service...
[[0;32m  OK  [0m] Started Network Service.
         Starting Network Name Resolution...
         Starting Wait for Network to be Configured...
[[0;32m  OK  [0m] Started Network Name Resolution.
[[0;32m  OK  [0m] Reached target Network.
[[0;32m  OK  [0m] Reached target Host and Network Name Lookups.
[[0;32m  OK  [0m] Started Wait for Network to be Configured.
         Starting Initial cloud-init job (metadata service crawler)...
[   13.601011] cloud-init[671]: Cloud-init v. 19.2-36-g059d049c-0ubuntu2~18.04.1 running 'init' at Sat, 23 Nov 2019 13:45:23 +0000. Up 13.29 seconds.
[   13.602492] cloud-init[671]: ci-info: ++++++++++++++++++++++++++++++++++++++Net device info++++++++++++++++++++++++++++++++++++++
[   13.603914] cloud-init[671]: ci-info: +--------+------+----------------------------+---------------+--------+-------------------+
[   13.605086] cloud-init[671]: ci-info: | Device |  Up  |          Address           |      Mask     | Scope  |     Hw-Address    |
[   13.606332] cloud-init[671]: ci-info: +--------+------+----------------------------+---------------+--------+-------------------+
[   13.607557] cloud-init[671]: ci-info: | enp0s3 | True |         10.0.2.15          | 255.255.255.0 | global | 02:12:8f:b5:56:32 |
[   13.609133] cloud-init[671]: ci-info: | enp0s3 | True | fe80::12:8fff:feb5:5632/64 |       .       |  link  | 02:12:8f:b5:56:32 |
[   13.610551] cloud-init[671]: ci-info: |   lo   | True |         127.0.0.1          |   255.0.0.0   |  host  |         .         |
[   13.612184] cloud-init[671]: ci-info: |   lo   | True |          ::1/128           |       .       |  host  |         .         |
[   13.613747] cloud-init[671]: ci-info: +--------+------+----------------------------+---------------+--------+-------------------+
[   13.615317] cloud-init[671]: ci-info: ++++++++++++++++++++++++++++Route IPv4 info+++++++++++++++++++++++++++++
[   13.617523] cloud-init[671]: ci-info: +-------+-------------+----------+-----------------+-----------+-------+
[   13.629053] cloud-init[671]: ci-info: | Route | Destination | Gateway  |     Genmask     | Interface | Flags |
[   13.630349] cloud-init[671]: ci-info: +-------+-------------+----------+-----------------+-----------+-------+
[   13.632890] cloud-init[671]: ci-info: |   0   |   0.0.0.0   | 10.0.2.2 |     0.0.0.0     |   enp0s3  |   UG  |
[   13.634649] cloud-init[671]: ci-info: |   1   |   10.0.2.0  | 0.0.0.0  |  255.255.255.0  |   enp0s3  |   U   |
[   13.636019] cloud-init[671]: ci-info: |   2   |   10.0.2.2  | 0.0.0.0  | 255.255.255.255 |   enp0s3  |   UH  |
[   13.637359] cloud-init[671]: ci-info: +-------+-------------+----------+-----------------+-----------+-------+
[   13.648249] cloud-init[671]: ci-info: +++++++++++++++++++Route IPv6 info+++++++++++++++++++
[   13.660314] cloud-init[671]: ci-info: +-------+-------------+---------+-----------+-------+
[   13.661677] cloud-init[671]: ci-info: | Route | Destination | Gateway | Interface | Flags |
[   13.663444] cloud-init[671]: ci-info: +-------+-------------+---------+-----------+-------+
[   13.676372] cloud-init[671]: ci-info: |   1   |  fe80::/64  |    ::   |   enp0s3  |   U   |
[   13.677696] cloud-init[671]: ci-info: |   3   |    local    |    ::   |   enp0s3  |   U   |
[   13.679147] cloud-init[671]: ci-info: |   4   |   ff00::/8  |    ::   |   enp0s3  |   U   |
[   13.680675] cloud-init[671]: ci-info: +-------+-------------+---------+-----------+-------+
[   14.472153] cloud-init[671]: Generating public/private rsa key pair.
[   14.472978] cloud-init[671]: Your identification has been saved in /etc/ssh/ssh_host_rsa_key.
[   14.473853] cloud-init[671]: Your public key has been saved in /etc/ssh/ssh_host_rsa_key.pub.
[   14.474521] cloud-init[671]: The key fingerprint is:
[   14.484606] cloud-init[671]: SHA256:EXnn3tZn1bBbreV/qpZq44VtZIHmAXeZZYUNe1R5lIo root@ubuntu-bionic
[   14.496306] cloud-init[671]: The key's randomart image is:
[   14.516231] cloud-init[671]: +---[RSA 2048]----+
[   14.516901] cloud-init[671]: |        o.. .++*O|
[   14.517586] cloud-init[671]: |        .+.o+.o=o|
[   14.518318] cloud-init[671]: |        ..+oo oo=|
[   14.519014] cloud-init[671]: |         + E.o..*|
[   14.532212] cloud-init[671]: |        S ..o. B.|
[   14.544507] cloud-init[671]: |           =. = =|
[   14.548667] cloud-init[671]: |          . +o .o|
[   14.549401] cloud-init[671]: |          ooo   o|
[   14.560740] cloud-init[671]: |         oo+.....|
[[   14.576780] [0;32m  OK  [0m] cloud-initStarted Initial cloud-init job (metadata service crawler).[671]: 
+----[SHA256]-----+
[   14.577693] cloud-init[671]: Generating public/private dsa key pair.
[   14.578320] cloud-init[671]: Your identification has been saved in /etc/ssh/ssh_host_dsa_key.
[   14.578395] cloud-init[671]: Your public key has been saved in /etc/ssh/ssh_host_dsa_key.pub.
[[0;32m  OK  [0m] Reached target Network is Online.
[   14.578925] cloud-init[671]: The key fingerprint is:
[[0;32m  OK  [0m] Reached target Remote File Systems (Pre).
[[   14.604335] [0;32m  OK  [0mcloud-init] [671]: Reached target Remote File Systems.SHA256:Z1wsPtZ0jFjKXUTlQjsqdOg2ovUO39I2jRrpx47Vju0 root@ubuntu-bionic

[   14.606085] cloud-init[671]: The key's randomart image is:
[   14.616756] cloud-init[671]: +---[DSA 1024]----+
         Starting Availability of block devices...
[   14.616870] cloud-init[671]: |            .o=..|
[   14.618167] cloud-init[671]: |         . B = o |
[   14.618243] cloud-init[671]: |          B B * .|
[   14.618890] cloud-init[671]: |         = * o o |
[[0;32m  OK  [0m] Reached target Cloud-config availability.
[[   14.619111] cloud-init[671]: |        S % o    |
[   14.620564] cloud-init[671]: |       o B = .   |
[   14.620986] cloud-init[671]: |      . . +o.o.  |
[   14.621502] cloud-init[671]: |         =.=B+.  |
[   14.621815] cloud-init[671]: |          **+oE  |
[   14.622295] cloud-init[671]: +----[SHA256]-----+
[   14.622847] cloud-init[671]: Generating public/private ecdsa key pair.
[   14.623159] cloud-init[671]: Your identification has been saved in /etc/ssh/ssh_host_ecdsa_key.
[   14.623693] cloud-init[671]: Your public key has been saved in /etc/ssh/ssh_host_ecdsa_key.pub.
[   14.624461] cloud-init[671]: The key fingerprint is:
[   14.624903] cloud-init[671]: SHA256:6fOLKTeF1S1iWgv4b2tPoXrqCQZCTMCoP+oBQ5zUucA root@ubuntu-bionic
[   14.625519] cloud-init[671]: The key's randomart image is:
[   14.625975] cloud-init[671]: +---[ECDSA 256]---+
[   14.626502] cloud-init[671]: |=oo .            |
[   14.627100] cloud-init[671]: |+E.o             |
[   14.627553] cloud-init[671]: |.++ .  .   . .   |
[   14.628043] cloud-init[671]: |o. .  . ..= o .  |
[   14.628503] cloud-init[671]: |o.. .  .SB o..   |
[   14.628921] cloud-init[671]: |..o. . .+ o. .   |
[   14.629560] cloud-init[671]: | o .  o oo. .    |
[   14.630046] cloud-init[671]: |. .  ...oB=.     |
[   14.630543] cloud-init[671]: |..     +B*++.    |
[   14.630999] cloud-init[671]: +----[SHA256]-----+
[   14.631437] cloud-init[671]: Generating public/private ed25519 key pair.
[   14.631914] cloud-init[671]: Your identification has been saved in /etc/ssh/ssh_host_ed25519_key.
[   14.632244] cloud-init[671]: Your public key has been saved in /etc/ssh/ssh_host_ed25519_key.pub.
[   14.632673] cloud-init[671]: The key fingerprint is:
[   14.633095] cloud-init[671]: SHA256:fRxIHsXyYMhKysZ97220PtVaWnokGiChRFrnC9eEozA root@ubuntu-bionic
[   14.633416] cloud-init[671]: The key's randomart image is:
[   14.633859] cloud-init[671]: +--[ED25519 256]--+
[   14.634189] cloud-init[671]: |     .o..o+o.    |
[   14.634640] cloud-init[671]: |    Eooo*=+o.    |
[   14.635040] cloud-init[671]: |   o.B.+o+++.    |
[   14.635481] cloud-init[671]: |    = =ooo....   |
[   14.636244] cloud-init[671]: |   .   .So..o  . |
[   14.636641] cloud-init[671]: |          ..o o =|
[   14.637138] cloud-init[671]: |         . o = O |
[   14.637566] cloud-init[671]: |          . * + .|
[   14.638060] cloud-init[671]: |           o.. . |
[   14.638334] cloud-init[671]: +----[SHA256]-----+
[0;32m  OK  [0m] Reached target System Initialization.
[[0;32m  OK  [0m] Started Message of the Day.
         Starting Socket activation for snappy daemon.
         Starting LXD - unix socket.
[[0;32m  OK  [0m] Started Daily Cleanup of Temporary Directories.
[[0;32m  OK  [0m] Started Daily apt download activities.
[[0;32m  OK  [0m] Started Discard unused blocks once a week.
[[0;32m  OK  [0m] Listening on UUID daemon activation socket.
[[0;32m  OK  [0m] Listening on ACPID Listen Socket.
[[0;32m  OK  [0m] Started ACPI Events Check.
[[0;32m  OK  [0m] Reached target Paths.
[[0;32m  OK  [0m] Listening on D-Bus System Message Bus Socket.
[[0;32m  OK  [0m] Listening on Open-iSCSI iscsid Socket.
[[0;32m  OK  [0m] Started Daily apt upgrade and clean activities.
[[0;32m  OK  [0m] Reached target Timers.
[[0;32m  OK  [0m] Started Availability of block devices.
[[0;32m  OK  [0m] Listening on Socket activation for snappy daemon.
[[0;32m  OK  [0m] Listening on LXD - unix socket.
[[0;32m  OK  [0m] Reached target Sockets.
[[0;32m  OK  [0m] Reached target Basic System.
         Starting Accounts Service...
         Starting Virtualbox guest utils...
[[0;32m  OK  [0m] Started D-Bus System Message Bus.
         Starting LSB: automatic crash report generation...
         Starting Dispatcher daemon for systemd-networkd...
         Starting Login Service...
[[0;32m  OK  [0m] Started FUSE filesystem for LXC.
         Starting System Logging Service...
[[0;32m  OK  [0m] Started Regular background program processing daemon.
         Starting Permit User Sessions...
         Starting LXD - container startup/shutdown...
[[0;32m  OK  [0m] Started Deferred execution scheduler.
[[0;32m  OK  [0m] Started irqbalance daemon.
         Starting LSB: Record successful boot for GRUB...
         Starting Pollinate to seed the pseudo random number generator...
         Starting Snappy daemon...
[[0;32m  OK  [0m] Started System Logging Service.
[[0;32m  OK  [0m] Started Permit User Sessions.
[[0;32m  OK  [0m] Started LXD - container startup/shutdown.
[[0;32m  OK  [0m] Started Login Service.
[[0;32m  OK  [0m] Started Unattended Upgrades Shutdown.
         Starting Authorization Manager...
         Starting Terminate Plymouth Boot Screen...
         Starting Hold until boot process finishes up...
[[0;32m  OK  [0m] Started Terminate Plymouth Boot Screen.
[[0;32m  OK  [0m] Started Hold until boot process finishes up.
[[0;32m  OK  [0m] Started Serial Getty on ttyS0.
         Starting Set console scheme...
[[0;32m  OK  [0m] Started Set console scheme.
[[0;32m  OK  [0m] Created slice system-getty.slice.
[[0;32m  OK  [0m] Started Getty on tty1.
[[0;32m  OK  [0m] Reached target Login Prompts.
[[0;32m  OK  [0m] Started LSB: automatic crash report generation.
[[0;32m  OK  [0m] Started LSB: Record successful boot for GRUB.
[[0;32m  OK  [0m] Started Virtualbox guest utils.
[[0;32m  OK  [0m] Started Authorization Manager.
[[0;32m  OK  [0m] Started Accounts Service.
[[0;32m  OK  [0m] Started Dispatcher daemon for systemd-networkd.
[[0;32m  OK  [0m] Started Snappy daemon.
         Starting Wait until snapd is fully seeded...
[[0;32m  OK  [0m] Started Pollinate to seed the pseudo random number generator.
         Starting OpenBSD Secure Shell server...
[[0;32m  OK  [0m] Started OpenBSD Secure Shell server.
[[0;32m  OK  [0m] Created slice User Slice of vagrant.
         Starting User Manager for UID 1000...
[[0;32m  OK  [0m] Started Session 1 of user vagrant.
[[0;32m  OK  [0m] Started User Manager for UID 1000.
[[0;32m  OK  [0m] Started Wait until snapd is fully seeded.
         Starting Apply the settings specified in cloud-config...
[[0;32m  OK  [0m] Reached target Multi-User System.
[[0;32m  OK  [0m] Reached target Graphical Interface.
         Starting Update UTMP about System Runlevel Changes...
[[0;32m  OK  [0m] Started Update UTMP about System Runlevel Changes.
[   21.230551] cloud-init[1301]: Cloud-init v. 19.2-36-g059d049c-0ubuntu2~18.04.1 running 'modules:config' at Sat, 23 Nov 2019 13:45:30 +0000. Up 20.67 seconds.

Ubuntu 18.04.3 LTS ubuntu-bionic ttyS0

ubuntu-bionic login: ci-info: no authorized ssh keys fingerprints found for user ubuntu.
<14>Nov 23 13:45:31 ec2: 
<14>Nov 23 13:45:31 ec2: #############################################################
<14>Nov 23 13:45:31 ec2: -----BEGIN SSH HOST KEY FINGERPRINTS-----
<14>Nov 23 13:45:31 ec2: 1024 SHA256:Z1wsPtZ0jFjKXUTlQjsqdOg2ovUO39I2jRrpx47Vju0 root@ubuntu-bionic (DSA)
<14>Nov 23 13:45:31 ec2: 256 SHA256:6fOLKTeF1S1iWgv4b2tPoXrqCQZCTMCoP+oBQ5zUucA root@ubuntu-bionic (ECDSA)
<14>Nov 23 13:45:31 ec2: 256 SHA256:fRxIHsXyYMhKysZ97220PtVaWnokGiChRFrnC9eEozA root@ubuntu-bionic (ED25519)
<14>Nov 23 13:45:31 ec2: 2048 SHA256:EXnn3tZn1bBbreV/qpZq44VtZIHmAXeZZYUNe1R5lIo root@ubuntu-bionic (RSA)
<14>Nov 23 13:45:31 ec2: -----END SSH HOST KEY FINGERPRINTS-----
<14>Nov 23 13:45:31 ec2: #############################################################
-----BEGIN SSH HOST KEY KEYS-----
ecdsa-sha2-nistp256 AAAAE2VjZHNhLXNoYTItbmlzdHAyNTYAAAAIbmlzdHAyNTYAAABBBPEFWznF5Hv0oWJaLs7Jy9eEnnk8w13Y1O+NxNFgLA+3JH64DgmWQpuPAU6IAgLRXViOyrvaJm2TKOQivS1iRbc= root@ubuntu-bionic
ssh-ed25519 AAAAC3NzaC1lZDI1NTE5AAAAIK4R4bvUdYL3Lvm/tElhcZqnqSKOAwv3A45wwGvOhQYG root@ubuntu-bionic
ssh-rsa AAAAB3NzaC1yc2EAAAADAQABAAABAQD0Pfes93Dsq4k8CzRk9pfW0e9S8hiZ6NujokNBf2fWWmKleqVOc20AyJwhZ05OCXAAf71YTj0GiaH/L8IA7yCsu910Dy1W5YEe6EUJRbkuwJOf/vzcFZ4DMtDldFs5/g+6NtsNlpn00rIxaLUzgWa061kS+aGWIM0UJU4IphuFEyBk2fbwcVLhsaQYrn3yndQe60Ms6lRLfXks+R3LTPVZvZJirM8k6JHo7pqFGE+2vdMbKCpG/YhFk1MV13rRxXsA9yERqwYfeXh87emdCGSen0E5+uIneE7j7VN8KcEIaU9mh/nA1vVKpwCYL3lLA655a1CQN6ID64Gnn/2NPqm9 root@ubuntu-bionic
-----END SSH HOST KEY KEYS-----
[   22.111977] cloud-init[1490]: Cloud-init v. 19.2-36-g059d049c-0ubuntu2~18.04.1 running 'modules:final' at Sat, 23 Nov 2019 13:45:31 +0000. Up 21.87 seconds.
[   22.114943] cloud-init[1490]: ci-info: no authorized ssh keys fingerprints found for user ubuntu.
[   22.116772] cloud-init[1490]: Cloud-init v. 19.2-36-g059d049c-0ubuntu2~18.04.1 finished at Sat, 23 Nov 2019 13:45:31 +0000. Datasource DataSourceNoCloud [seed=/dev/sdb][dsmode=net].  Up 22.09 seconds
